<?xml version="1.0" encoding="UTF-8"?>
<testsuite xmlns:xsi="http://www.w3.org/2001/XMLSchema-instance" xsi:noNamespaceSchemaLocation="https://maven.apache.org/surefire/maven-surefire-plugin/xsd/surefire-test-report-3.0.xsd" version="3.0" name="org.example.hand.PokerHandTest" time="0.083" tests="12" errors="0" skipped="0" failures="0">
  <properties>
[...]
</properties>
  <testcase name="result_STRAIGHT_FLUSH" classname="org.example.hand.PokerHandTest" time="0.026">
    <system-out><![CDATA[STRAIGHT_FLUSH
]]></system-out>
  </testcase>
  <testcase name="result_TWO_PAIRS" classname="org.example.hand.PokerHandTest" time="0.001">
    <system-out><![CDATA[TWO_PAIRS
]]></system-out>
  </testcase>
  <testcase name="compareTo" classname="org.example.hand.PokerHandTest" time="0.002"/>
  <testcase name="compareTo_All" classname="org.example.hand.PokerHandTest" time="0.007">
    <system-out><![CDATA[PokerHand{gameCards='JC TC AC QC KC' : combination='ROYAL_FLUSH'}
PokerHand{gameCards='QC KC JC TC 9C' : combination='STRAIGHT_FLUSH'}
PokerHand{gameCards='KS 8C KC KH KD' : combination='FOUR_OF_KIND'}
PokerHand{gameCards='2C 2S TH TC TD' : combination='FULL_HOUSE'}
PokerHand{gameCards='2C 3C AC 4C 5C' : combination='FLUSH'}
PokerHand{gameCards='7C 8C JC TC 9D' : combination='STRAIGHT'}
PokerHand{gameCards='7C 8C 7H TC 7D' : combination='THREE_OF_KIND'}
PokerHand{gameCards='7C QC 7H QH KD' : combination='TWO_PAIRS'}
PokerHand{gameCards='7C 8C JC TC 7D' : combination='PAIR'}
PokerHand{gameCards='KS 2H 5C JD TD' : combination='HIGH_CARD'}

PokerHand{gameCards='JC TC AC QC KC' : combination='ROYAL_FLUSH'}
PokerHand{gameCards='QC KC JC TC 9C' : combination='STRAIGHT_FLUSH'}
PokerHand{gameCards='KS 8C KC KH KD' : combination='FOUR_OF_KIND'}
PokerHand{gameCards='2C 2S TH TC TD' : combination='FULL_HOUSE'}
PokerHand{gameCards='2C 3C AC 4C 5C' : combination='FLUSH'}
PokerHand{gameCards='7C 8C JC TC 9D' : combination='STRAIGHT'}
PokerHand{gameCards='7C 8C 7H TC 7D' : combination='THREE_OF_KIND'}
PokerHand{gameCards='7C QC 7H QH KD' : combination='TWO_PAIRS'}
PokerHand{gameCards='7C 8C JC TC 7D' : combination='PAIR'}
PokerHand{gameCards='KS 2H 5C JD TD' : combination='HIGH_CARD'}
]]></system-out>
  </testcase>
  <testcase name="result_PAIR" classname="org.example.hand.PokerHandTest" time="0.002">
    <system-out><![CDATA[PAIR
]]></system-out>
  </testcase>
  <testcase name="result_STRAIGHT" classname="org.example.hand.PokerHandTest" time="0.001">
    <system-out><![CDATA[STRAIGHT
]]></system-out>
  </testcase>
  <testcase name="result_FULL_HOUSE" classname="org.example.hand.PokerHandTest" time="0.005">
    <system-out><![CDATA[FULL_HOUSE
]]></system-out>
  </testcase>
  <testcase name="result_FLUSH" classname="org.example.hand.PokerHandTest" time="0.002">
    <system-out><![CDATA[FLUSH
]]></system-out>
  </testcase>
  <testcase name="result_HIGH_CARD" classname="org.example.hand.PokerHandTest" time="0.001">
    <system-out><![CDATA[HIGH_CARD
]]></system-out>
  </testcase>
  <testcase name="result_FOUR_OF_KIND" classname="org.example.hand.PokerHandTest" time="0.001">
    <system-out><![CDATA[FOUR_OF_KIND
]]></system-out>
  </testcase>
  <testcase name="result_ROYAL_FLUSH" classname="org.example.hand.PokerHandTest" time="0.001">
    <system-out><![CDATA[ROYAL_FLUSH
]]></system-out>
  </testcase>
  <testcase name="result_THREE_OF_KIND" classname="org.example.hand.PokerHandTest" time="0.001">
    <system-out><![CDATA[THREE_OF_KIND
]]></system-out>
  </testcase>
</testsuite>